<?xml version="1.0" encoding="UTF-8"?>
<!-- Generated by org.testng.reporters.JUnitReportReporter -->
<testsuite hostname="LAPTOP-R5NV1QLO" failures="0" tests="2" name="RBCcapital.April14.firstTest" time="3.580" errors="0" timestamp="2022-04-16T13:36:51 EDT" skipped="0">
  <testcase classname="RBCcapital.April14.firstTest" name="enterword" time="2.881"/>
  <system-out/>
  <testcase classname="RBCcapital.April14.firstTest" name="dropdown" time="0.699"/>
  <system-out/>
</testsuite> <!-- RBCcapital.April14.firstTest -->
