<?xml version="1.0" encoding="UTF-8"?>
<!-- Generated by org.testng.reporters.JUnitReportReporter -->
<testsuite hostname="LAPTOP-R5NV1QLO" failures="0" tests="1" name="RBCcapital.April14.AppTest" time="0.010" errors="0" timestamp="2022-04-16T13:36:51 EDT" skipped="0">
  <testcase classname="RBCcapital.April14.AppTest" name="shouldAnswerWithTrue" time="0.010"/>
  <system-out/>
</testsuite> <!-- RBCcapital.April14.AppTest -->
