<?xml version="1.0" encoding="UTF-8"?>
<!-- Generated by org.testng.reporters.JUnitReportReporter -->
<testsuite hostname="LAPTOP-R5NV1QLO" failures="0" tests="2" name="RBCcapital.April14.firstTest" time="2.692" errors="0" timestamp="2022-04-16T15:53:26 EDT" skipped="0">
  <testcase classname="RBCcapital.April14.firstTest" name="enterword" time="2.211"/>
  <system-out/>
  <testcase classname="RBCcapital.April14.firstTest" name="dropdown" time="0.481"/>
  <system-out/>
</testsuite> <!-- RBCcapital.April14.firstTest -->
